<?xml version="1.0" encoding="UTF-8"?>
<testsuite failures="0" name="CacheControllerTest" errors="0" assertions="1" tests="1" time="0.081389">
  <testcase name="test_truth" assertions="1" time="0.081237">
  </testcase>
  <system-out>
    <![CDATA[]]>
  </system-out>
  <system-err>
    <![CDATA[]]>
  </system-err>
</testsuite>
