<?xml version="1.0" encoding="UTF-8"?>
<testsuite failures="0" name="HomeControllerTest" errors="0" assertions="1" tests="1" time="0.22664">
  <testcase name="test_truth" assertions="1" time="0.226475">
  </testcase>
  <system-out>
    <![CDATA[]]>
  </system-out>
  <system-err>
    <![CDATA[]]>
  </system-err>
</testsuite>
