<?xml version="1.0" encoding="UTF-8"?>
<testsuite failures="0" name="MessagesControllerTest" errors="0" assertions="1" tests="1" time="0.068177">
  <testcase name="test_truth" assertions="1" time="0.068012">
  </testcase>
  <system-out>
    <![CDATA[]]>
  </system-out>
  <system-err>
    <![CDATA[/Users/bwalding/Workspace/march/app/controllers/messages_controller.rb:34: warning: parenthesize argument(s) for future version
]]>
  </system-err>
</testsuite>
